18:45:48 **** Incremental Build of configuration Debug for project PA_Project_21_22 ****
Info: Internal Builder is used for build
g++ -O0 -g3 -Wall -c -fmessage-length=0 -o "src\\PA_Project_21_22.o" "..\\src\\PA_Project_21_22.cpp" 
g++ -O0 -g3 -Wall -c -fmessage-length=0 -o "src\\gestore\\Gestore.o" "..\\src\\gestore\\Gestore.cpp" 
..\src\gestore\Gestore.cpp: In member function 'Orario Gestore::scelta_orario()':
..\src\gestore\Gestore.cpp:183:10: error: cannot convert 'std::nullptr_t' to 'Orario' in return
   return nullptr;
          ^~~~~~~
18:45:51 **** Incremental Build of configuration Debug for project PA_Project_21_22 ****
Info: Internal Builder is used for build
g++ -O0 -g3 -Wall -c -fmessage-length=0 -o "src\\gestore\\Gestore.o" "..\\src\\gestore\\Gestore.cpp" 
..\src\gestore\Gestore.cpp: In member function 'Orario Gestore::scelta_orario()':
..\src\gestore\Gestore.cpp:183:10: error: cannot convert 'std::nullptr_t' to 'Orario' in return
   return nullptr;
          ^~~~~~~
18:46:00 **** Incremental Build of configuration Debug for project PA_Project_21_22 ****
Info: Internal Builder is used for build
g++ -O0 -g3 -Wall -c -fmessage-length=0 -o "src\\gestore\\Gestore.o" "..\\src\\gestore\\Gestore.cpp" 
..\src\gestore\Gestore.cpp: In member function 'Orario Gestore::scelta_orario()':
..\src\gestore\Gestore.cpp:183:10: error: 'cena' is not a member of 'Orario'
   return Orario::cena;
          ^~~~~~
18:46:57 **** Incremental Build of configuration Debug for project PA_Project_21_22 ****
Info: Internal Builder is used for build
g++ -O0 -g3 -Wall -c -fmessage-length=0 -o "src\\gestore\\Gestore.o" "..\\src\\gestore\\Gestore.cpp" 
..\src\gestore\Gestore.cpp:172:6: error: 'Orario' does not name an enumeration in 'Menu'
 enum Menu::Orario Gestore::scelta_orario(){
      ^~~~
..\src\gestore\Gestore.cpp:172:12: error: 'Orario' in 'class Menu' does not name a type
 enum Menu::Orario Gestore::scelta_orario(){
            ^~~~~~
..\src\gestore\Gestore.cpp:172:19: error: prototype for 'int Gestore::scelta_orario()' does not match any in class 'Gestore'
 enum Menu::Orario Gestore::scelta_orario(){
                   ^~~~~~~
In file included from ..\src\gestore\Gestore.cpp:8:0:
..\src\gestore\Gestore.h:62:14: error: candidate is: Orario Gestore::scelta_orario()
  enum Orario scelta_orario();
              ^~~~~~~~~~~~~
18:47:06 **** Incremental Build of configuration Debug for project PA_Project_21_22 ****
Info: Internal Builder is used for build
g++ -O0 -g3 -Wall -c -fmessage-length=0 -o "src\\gestore\\Gestore.o" "..\\src\\gestore\\Gestore.cpp" 
..\src\gestore\Gestore.cpp: In member function 'Orario Gestore::scelta_orario()':
..\src\gestore\Gestore.cpp:183:10: error: 'cena' is not a member of 'Orario'
   return Orario::cena;
          ^~~~~~
18:50:36 **** Incremental Build of configuration Debug for project PA_Project_21_22 ****
Info: Internal Builder is used for build
g++ -O0 -g3 -Wall -c -fmessage-length=0 -o "src\\gestore\\Gestore.o" "..\\src\\gestore\\Gestore.cpp" 
..\src\gestore\Gestore.cpp: In member function 'Orario Gestore::scelta_orario()':
..\src\gestore\Gestore.cpp:183:10: error: 'cena' is not a member of 'Orario'
   return Orario::cena;
          ^~~~~~
18:51:03 **** Incremental Build of configuration Debug for project PA_Project_21_22 ****
Info: Internal Builder is used for build
g++ -O0 -g3 -Wall -c -fmessage-length=0 -o "src\\gestore\\Gestore.o" "..\\src\\gestore\\Gestore.cpp" 
..\src\gestore\Gestore.cpp: In member function 'Orario Gestore::scelta_orario()':
..\src\gestore\Gestore.cpp:183:10: error: 'cena' is not a member of 'Orario'
   return Orario::cena;
          ^~~~~~
18:52:38 **** Incremental Build of configuration Debug for project PA_Project_21_22 ****
Info: Internal Builder is used for build
g++ -O0 -g3 -Wall -c -fmessage-length=0 -o "src\\PA_Project_21_22.o" "..\\src\\PA_Project_21_22.cpp" 
g++ -O0 -g3 -Wall -c -fmessage-length=0 -o "src\\gestore\\Gestore.o" "..\\src\\gestore\\Gestore.cpp" 
..\src\gestore\Gestore.cpp: In member function 'time_t Gestore::scelta_data()':
..\src\gestore\Gestore.cpp:169:9: warning: 'data' is used uninitialized in this function [-Wuninitialized]
  return data;
         ^~~~
..\src\gestore\Gestore.cpp: In member function 'int Gestore::scelta_orario()':
..\src\gestore\Gestore.cpp:185:9: warning: 'orario_scelto' may be used uninitialized in this function [-Wmaybe-uninitialized]
  return orario_scelto;
         ^~~~~~~~~~~~~
g++ -o PA_Project_21_22.exe "src\\PA_Project_21_22.o" "src\\gestore\\Gestore.o" "src\\gestore\\Stampe.o" "src\\menu\\Menu.o" "src\\menu\\MenuCompleto.o" "src\\menu\\MenuPrimo.o" "src\\menu\\MenuSecondo.o" "src\\utente\\Professore.o" "src\\utente\\Studente.o" "src\\utente\\Utente.o" 
18:52:49 **** Incremental Build of configuration Debug for project PA_Project_21_22 ****
Info: Internal Builder is used for build
g++ -O0 -g3 -Wall -c -fmessage-length=0 -o "src\\gestore\\Gestore.o" "..\\src\\gestore\\Gestore.cpp" 
..\src\gestore\Gestore.cpp: In member function 'time_t Gestore::scelta_data()':
..\src\gestore\Gestore.cpp:169:9: warning: 'data' is used uninitialized in this function [-Wuninitialized]
  return data;
         ^~~~
g++ -o PA_Project_21_22.exe "src\\PA_Project_21_22.o" "src\\gestore\\Gestore.o" "src\\gestore\\Stampe.o" "src\\menu\\Menu.o" "src\\menu\\MenuCompleto.o" "src\\menu\\MenuPrimo.o" "src\\menu\\MenuSecondo.o" "src\\utente\\Professore.o" "src\\utente\\Studente.o" "src\\utente\\Utente.o" 
18:56:13 **** Incremental Build of configuration Debug for project PA_Project_21_22 ****
Info: Internal Builder is used for build
g++ -O0 -g3 -Wall -c -fmessage-length=0 -o "src\\gestore\\Gestore.o" "..\\src\\gestore\\Gestore.cpp" 
..\src\gestore\Gestore.cpp: In member function 'void Gestore::nuovo_menu_primo()':
..\src\gestore\Gestore.cpp:123:9: warning: unused variable 'orario_scelto' [-Wunused-variable]
  Orario orario_scelto = Menu::get_orario_from_int(o);
         ^~~~~~~~~~~~~
..\src\gestore\Gestore.cpp: In member function 'time_t Gestore::scelta_data()':
..\src\gestore\Gestore.cpp:185:10: error: cannot convert 'std::nullptr_t' to 'time_t {aka long int}' in return
   return nullptr;
          ^~~~~~~
..\src\gestore\Gestore.cpp:192:10: error: cannot convert 'std::nullptr_t' to 'time_t {aka long int}' in return
   return nullptr;
          ^~~~~~~
..\src\gestore\Gestore.cpp:199:10: error: cannot convert 'std::nullptr_t' to 'time_t {aka long int}' in return
   return nullptr;
          ^~~~~~~
..\src\gestore\Gestore.cpp:205:10: error: cannot convert 'std::nullptr_t' to 'time_t {aka long int}' in return
   return nullptr;
          ^~~~~~~
..\src\gestore\Gestore.cpp:212:10: error: cannot convert 'std::nullptr_t' to 'time_t {aka long int}' in return
   return nullptr;
          ^~~~~~~
..\src\gestore\Gestore.cpp:218:10: error: cannot convert 'std::nullptr_t' to 'time_t {aka long int}' in return
   return nullptr;
          ^~~~~~~
18:57:08 **** Incremental Build of configuration Debug for project PA_Project_21_22 ****
Info: Internal Builder is used for build
g++ -O0 -g3 -Wall -c -fmessage-length=0 -o "src\\gestore\\Gestore.o" "..\\src\\gestore\\Gestore.cpp" 
..\src\gestore\Gestore.cpp: In member function 'void Gestore::nuovo_menu_primo()':
..\src\gestore\Gestore.cpp:123:9: warning: unused variable 'orario_scelto' [-Wunused-variable]
  Orario orario_scelto = Menu::get_orario_from_int(o);
         ^~~~~~~~~~~~~
..\src\gestore\Gestore.cpp: In member function 'time_t Gestore::scelta_data()':
..\src\gestore\Gestore.cpp:189:10: error: cannot convert 'std::nullptr_t' to 'time_t {aka long int}' in return
   return nullptr;
          ^~~~~~~
..\src\gestore\Gestore.cpp:196:10: error: cannot convert 'std::nullptr_t' to 'time_t {aka long int}' in return
   return nullptr;
          ^~~~~~~
..\src\gestore\Gestore.cpp:202:10: error: cannot convert 'std::nullptr_t' to 'time_t {aka long int}' in return
   return nullptr;
          ^~~~~~~
..\src\gestore\Gestore.cpp:209:10: error: cannot convert 'std::nullptr_t' to 'time_t {aka long int}' in return
   return nullptr;
          ^~~~~~~
..\src\gestore\Gestore.cpp:215:10: error: cannot convert 'std::nullptr_t' to 'time_t {aka long int}' in return
   return nullptr;
          ^~~~~~~
18:58:17 **** Incremental Build of configuration Debug for project PA_Project_21_22 ****
Info: Internal Builder is used for build
g++ -O0 -g3 -Wall -c -fmessage-length=0 -o "src\\gestore\\Gestore.o" "..\\src\\gestore\\Gestore.cpp" 
..\src\gestore\Gestore.cpp: In member function 'void Gestore::nuovo_menu_primo()':
..\src\gestore\Gestore.cpp:123:9: warning: unused variable 'orario_scelto' [-Wunused-variable]
  Orario orario_scelto = Menu::get_orario_from_int(o);
         ^~~~~~~~~~~~~
..\src\gestore\Gestore.cpp: In member function 'time_t Gestore::scelta_data()':
..\src\gestore\Gestore.cpp:226:1: warning: control reaches end of non-void function [-Wreturn-type]
 }
 ^
g++ -o PA_Project_21_22.exe "src\\PA_Project_21_22.o" "src\\gestore\\Gestore.o" "src\\gestore\\Stampe.o" "src\\menu\\Menu.o" "src\\menu\\MenuCompleto.o" "src\\menu\\MenuPrimo.o" "src\\menu\\MenuSecondo.o" "src\\utente\\Professore.o" "src\\utente\\Studente.o" "src\\utente\\Utente.o" 
18:59:14 **** Incremental Build of configuration Debug for project PA_Project_21_22 ****
Info: Internal Builder is used for build
g++ -O0 -g3 -Wall -c -fmessage-length=0 -o "src\\gestore\\Gestore.o" "..\\src\\gestore\\Gestore.cpp" 
..\src\gestore\Gestore.cpp: In member function 'void Gestore::nuovo_menu_primo()':
..\src\gestore\Gestore.cpp:123:9: warning: unused variable 'orario_scelto' [-Wunused-variable]
  Orario orario_scelto = Menu::get_orario_from_int(o);
         ^~~~~~~~~~~~~
g++ -o PA_Project_21_22.exe "src\\PA_Project_21_22.o" "src\\gestore\\Gestore.o" "src\\gestore\\Stampe.o" "src\\menu\\Menu.o" "src\\menu\\MenuCompleto.o" "src\\menu\\MenuPrimo.o" "src\\menu\\MenuSecondo.o" "src\\utente\\Professore.o" "src\\utente\\Studente.o" "src\\utente\\Utente.o" 
19:00:34 **** Incremental Build of configuration Debug for project PA_Project_21_22 ****
Info: Internal Builder is used for build
g++ -O0 -g3 -Wall -c -fmessage-length=0 -o "src\\gestore\\Gestore.o" "..\\src\\gestore\\Gestore.cpp" 
..\src\gestore\Gestore.cpp: In member function 'void Gestore::nuovo_menu_primo()':
..\src\gestore\Gestore.cpp:127:9: warning: unused variable 'orario_scelto' [-Wunused-variable]
  Orario orario_scelto = Menu::get_orario_from_int(o);
         ^~~~~~~~~~~~~
g++ -o PA_Project_21_22.exe "src\\PA_Project_21_22.o" "src\\gestore\\Gestore.o" "src\\gestore\\Stampe.o" "src\\menu\\Menu.o" "src\\menu\\MenuCompleto.o" "src\\menu\\MenuPrimo.o" "src\\menu\\MenuSecondo.o" "src\\utente\\Professore.o" "src\\utente\\Studente.o" "src\\utente\\Utente.o" 
Info: Nothing to build for PA_Project_21_22
19:04:10 **** Incremental Build of configuration Debug for project PA_Project_21_22 ****
Info: Internal Builder is used for build
g++ -O0 -g3 -Wall -c -fmessage-length=0 -o "src\\gestore\\Stampe.o" "..\\src\\gestore\\Stampe.cpp" 
g++ -O0 -g3 -Wall -c -fmessage-length=0 -o "src\\menu\\MenuSecondo.o" "..\\src\\menu\\MenuSecondo.cpp" 
g++ -O0 -g3 -Wall -c -fmessage-length=0 -o "src\\PA_Project_21_22.o" "..\\src\\PA_Project_21_22.cpp" 
g++ -O0 -g3 -Wall -c -fmessage-length=0 -o "src\\menu\\Menu.o" "..\\src\\menu\\Menu.cpp" 
g++ -O0 -g3 -Wall -c -fmessage-length=0 -o "src\\menu\\MenuPrimo.o" "..\\src\\menu\\MenuPrimo.cpp" 
g++ -O0 -g3 -Wall -c -fmessage-length=0 -o "src\\gestore\\Gestore.o" "..\\src\\gestore\\Gestore.cpp" 
..\src\gestore\Gestore.cpp: In member function 'void Gestore::nuovo_menu_primo()':
..\src\gestore\Gestore.cpp:127:9: warning: unused variable 'orario_scelto' [-Wunused-variable]
  Orario orario_scelto = Menu::get_orario_from_int(o);
         ^~~~~~~~~~~~~
g++ -O0 -g3 -Wall -c -fmessage-length=0 -o "src\\menu\\MenuCompleto.o" "..\\src\\menu\\MenuCompleto.cpp" 
g++ -o PA_Project_21_22.exe "src\\PA_Project_21_22.o" "src\\gestore\\Gestore.o" "src\\gestore\\Stampe.o" "src\\menu\\Menu.o" "src\\menu\\MenuCompleto.o" "src\\menu\\MenuPrimo.o" "src\\menu\\MenuSecondo.o" "src\\utente\\Professore.o" "src\\utente\\Studente.o" "src\\utente\\Utente.o" 
19:04:36 **** Incremental Build of configuration Debug for project PA_Project_21_22 ****
Info: Internal Builder is used for build
g++ -O0 -g3 -Wall -c -fmessage-length=0 -o "src\\gestore\\Gestore.o" "..\\src\\gestore\\Gestore.cpp" 
..\src\gestore\Gestore.cpp: In member function 'void Gestore::nuovo_menu_primo()':
..\src\gestore\Gestore.cpp:127:9: warning: unused variable 'orario_scelto' [-Wunused-variable]
  Orario orario_scelto = Menu::get_orario_from_int(o);
         ^~~~~~~~~~~~~
g++ -o PA_Project_21_22.exe "src\\PA_Project_21_22.o" "src\\gestore\\Gestore.o" "src\\gestore\\Stampe.o" "src\\menu\\Menu.o" "src\\menu\\MenuCompleto.o" "src\\menu\\MenuPrimo.o" "src\\menu\\MenuSecondo.o" "src\\utente\\Professore.o" "src\\utente\\Studente.o" "src\\utente\\Utente.o" 
19:05:26 **** Incremental Build of configuration Debug for project PA_Project_21_22 ****
Info: Internal Builder is used for build
g++ -O0 -g3 -Wall -c -fmessage-length=0 -o "src\\gestore\\Gestore.o" "..\\src\\gestore\\Gestore.cpp" 
..\src\gestore\Gestore.cpp: In member function 'void Gestore::nuovo_menu_primo()':
..\src\gestore\Gestore.cpp:127:9: warning: unused variable 'orario_scelto' [-Wunused-variable]
  Orario orario_scelto = Menu::get_orario_from_int(o);
         ^~~~~~~~~~~~~
g++ -o PA_Project_21_22.exe "src\\PA_Project_21_22.o" "src\\gestore\\Gestore.o" "src\\gestore\\Stampe.o" "src\\menu\\Menu.o" "src\\menu\\MenuCompleto.o" "src\\menu\\MenuPrimo.o" "src\\menu\\MenuSecondo.o" "src\\utente\\Professore.o" "src\\utente\\Studente.o" "src\\utente\\Utente.o" 
19:06:12 **** Incremental Build of configuration Debug for project PA_Project_21_22 ****
Info: Internal Builder is used for build
g++ -O0 -g3 -Wall -c -fmessage-length=0 -o "src\\gestore\\Gestore.o" "..\\src\\gestore\\Gestore.cpp" 
..\src\gestore\Gestore.cpp: In member function 'void Gestore::nuovo_menu_primo()':
..\src\gestore\Gestore.cpp:127:9: warning: unused variable 'orario_scelto' [-Wunused-variable]
  Orario orario_scelto = Menu::get_orario_from_int(o);
         ^~~~~~~~~~~~~
g++ -o PA_Project_21_22.exe "src\\PA_Project_21_22.o" "src\\gestore\\Gestore.o" "src\\gestore\\Stampe.o" "src\\menu\\Menu.o" "src\\menu\\MenuCompleto.o" "src\\menu\\MenuPrimo.o" "src\\menu\\MenuSecondo.o" "src\\utente\\Professore.o" "src\\utente\\Studente.o" "src\\utente\\Utente.o" 
Info: Nothing to build for PA_Project_21_22
Info: Nothing to build for PA_Project_21_22
19:12:22 **** Incremental Build of configuration Debug for project PA_Project_21_22 ****
Info: Internal Builder is used for build
g++ -O0 -g3 -Wall -c -fmessage-length=0 -o "src\\gestore\\Stampe.o" "..\\src\\gestore\\Stampe.cpp" 
g++ -O0 -g3 -Wall -c -fmessage-length=0 -o "src\\gestore\\Gestore.o" "..\\src\\gestore\\Gestore.cpp" 
..\src\gestore\Gestore.cpp: In member function 'void Gestore::nuovo_menu_primo()':
..\src\gestore\Gestore.cpp:127:9: warning: unused variable 'orario_scelto' [-Wunused-variable]
  Orario orario_scelto = Menu::get_orario_from_int(o);
         ^~~~~~~~~~~~~
g++ -o PA_Project_21_22.exe "src\\PA_Project_21_22.o" "src\\gestore\\Gestore.o" "src\\gestore\\Stampe.o" "src\\menu\\Menu.o" "src\\menu\\MenuCompleto.o" "src\\menu\\MenuPrimo.o" "src\\menu\\MenuSecondo.o" "src\\utente\\Professore.o" "src\\utente\\Studente.o" "src\\utente\\Utente.o" 
Info: Nothing to build for PA_Project_21_22
Info: Nothing to build for PA_Project_21_22
